[18:20:55] [main/INFO] (FabricLoader/GameProvider) Loading Minecraft 1.18.2 with Fabric Loader 0.14.6
[18:20:56] [ForkJoinPool-1-worker-1/WARN] (FabricLoader/Metadata) Mod fabric-transportation uses the version ${version} which isn't compatible with Loader's extended semantic version format (Could not parse version number component '${version}'!), SemVer is recommended for reliably evaluating dependencies and prioritizing newer version
[18:20:56] [main/INFO] (FabricLoader) Loading 54 mods:
	- architectury 4.5.76
	- cloth-basic-math 0.6.1 via cloth-config
	- cloth-config 6.2.62
	- fabric 0.53.0+1.18.2
	- fabric-api-base 0.4.4+d7c144a860
	- fabric-api-lookup-api-v1 1.6.0+2373a54560
	- fabric-biome-api-v1 8.0.4+7b0f312660
	- fabric-blockrenderlayer-v1 1.1.12+3ac43d9560
	- fabric-command-api-v1 1.1.9+d7c144a860
	- fabric-commands-v0 0.2.8+b4f4f6cd60
	- fabric-containers-v0 0.1.21+d7c144a860
	- fabric-content-registries-v0 3.0.4+d82b939260
	- fabric-convention-tags-v1 1.0.1+474e4f7960
	- fabric-crash-report-info-v1 0.2.0+a6b0947860
	- fabric-data-generation-api-v1 2.0.9+e19de87d60
	- fabric-dimensions-v1 2.1.17+2540745460
	- fabric-entity-events-v1 1.4.8+d7c144a860
	- fabric-events-interaction-v0 0.4.19+d7c144a860
	- fabric-events-lifecycle-v0 0.2.15+d7c144a860
	- fabric-game-rule-api-v1 1.0.13+d7c144a860
	- fabric-gametest-api-v1 1.0.17+91b7aa6660
	- fabric-item-api-v1 1.5.0+85719ab760
	- fabric-item-groups-v0 0.3.12+91896a4960
	- fabric-key-binding-api-v1 1.0.12+54e5b2ec60
	- fabric-keybindings-v0 0.2.10+b4f4f6cd60
	- fabric-lifecycle-events-v1 2.0.3+2d83e92c60
	- fabric-loot-tables-v1 1.0.11+d7c144a860
	- fabric-mining-level-api-v1 2.1.1+81ea5b3c60
	- fabric-models-v0 0.3.6+d7c144a860
	- fabric-networking-api-v1 1.0.21+d882b91560
	- fabric-networking-v0 0.3.8+b4f4f6cd60
	- fabric-object-builder-api-v1 2.1.1+032c981d60
	- fabric-particles-v1 0.2.12+526dc1ac60
	- fabric-registry-sync-v0 0.9.8+0d9ab37260
	- fabric-renderer-api-v1 0.4.13+d882b91560
	- fabric-renderer-indigo 0.5.0+7faf0d8860
	- fabric-renderer-registries-v1 3.2.11+b4f4f6cd60
	- fabric-rendering-data-attachment-v1 0.3.7+d7c144a860
	- fabric-rendering-fluids-v1 2.0.2+54e5b2ec60
	- fabric-rendering-v0 1.1.13+b4f4f6cd60
	- fabric-rendering-v1 1.10.7+54e5b2ec60
	- fabric-resource-conditions-api-v1 2.0.3+91b7aa6660
	- fabric-resource-loader-v0 0.5.0+2afceb2960
	- fabric-screen-api-v1 1.0.10+d882b91560
	- fabric-screen-handler-api-v1 1.2.0+1f6558e860
	- fabric-textures-v0 1.0.12+3ac43d9560
	- fabric-transfer-api-v1 1.6.1+f4563ac860
	- fabric-transitive-access-wideners-v1 1.0.0+bd8a4a1860
	- fabric-transportation ${version}
	- fabricloader 0.14.6
	- java 17
	- minecraft 1.18.2
	- modmenu 3.2.3
	- roughlyenoughitems 8.3.510
[18:21:03] [main/INFO] (FabricLoader/Mixin) SpongePowered MIXIN Subsystem Version=0.8.5 Source=file:/C:/Users/Rim28/.gradle/caches/modules-2/files-2.1/net.fabricmc/sponge-mixin/0.11.4+mixin.0.8.5/c1dc27696aa4006e492c2485c9ccbcb26045a971/sponge-mixin-0.11.4+mixin.0.8.5.jar Service=Knot/Fabric Env=CLIENT
[18:21:03] [main/INFO] (FabricLoader/Mixin) Loaded Fabric development mappings for mixin remapper!
[18:21:03] [main/INFO] (FabricLoader/Mixin) Compatibility level set to JAVA_16
[18:21:03] [main/INFO] (FabricLoader/Mixin) Compatibility level set to JAVA_17
[18:21:07] [main/WARN] (FileUtil) Configuration conflict: there is more than one oshi.properties file on the classpath
[18:21:08] [main/WARN] (FileUtil) Configuration conflict: there is more than one oshi.architecture.properties file on the classpath
[18:21:21] [Render thread/INFO] (Minecraft) Environment: authHost='https://authserver.mojang.com', accountsHost='https://api.mojang.com', sessionHost='https://sessionserver.mojang.com', servicesHost='https://api.minecraftservices.com', name='PROD'
[18:21:22] [Render thread/ERROR] (Minecraft) Failed to verify authentication
com.mojang.authlib.exceptions.InvalidCredentialsException: Status: 401
	at com.mojang.authlib.exceptions.MinecraftClientHttpException.toAuthenticationException(MinecraftClientHttpException.java:56) ~[authlib-3.3.39.jar:?]
	at com.mojang.authlib.yggdrasil.YggdrasilUserApiService.fetchProperties(YggdrasilUserApiService.java:132) ~[authlib-3.3.39.jar:?]
	at com.mojang.authlib.yggdrasil.YggdrasilUserApiService.<init>(YggdrasilUserApiService.java:44) ~[authlib-3.3.39.jar:?]
	at com.mojang.authlib.yggdrasil.YggdrasilAuthenticationService.createUserApiService(YggdrasilAuthenticationService.java:153) ~[authlib-3.3.39.jar:?]
	at net.minecraft.client.MinecraftClient.createUserApiService(MinecraftClient.java:680) [minecraft-project-@-merged-named.jar:?]
	at net.minecraft.client.MinecraftClient.<init>(MinecraftClient.java:424) [minecraft-project-@-merged-named.jar:?]
	at net.minecraft.client.main.Main.main(Main.java:197) [minecraft-project-@-merged-named.jar:?]
	at net.fabricmc.loader.impl.game.minecraft.MinecraftGameProvider.launch(MinecraftGameProvider.java:460) [fabric-loader-0.14.6.jar:?]
	at net.fabricmc.loader.impl.launch.knot.Knot.launch(Knot.java:74) [fabric-loader-0.14.6.jar:?]
	at net.fabricmc.loader.impl.launch.knot.KnotClient.main(KnotClient.java:23) [fabric-loader-0.14.6.jar:?]
	at net.fabricmc.devlaunchinjector.Main.main(Main.java:86) [dev-launch-injector-0.2.1+build.8.jar:?]
Caused by: com.mojang.authlib.exceptions.MinecraftClientHttpException: Status: 401
	at com.mojang.authlib.minecraft.client.MinecraftClient.readInputStream(MinecraftClient.java:78) ~[authlib-3.3.39.jar:?]
	at com.mojang.authlib.minecraft.client.MinecraftClient.get(MinecraftClient.java:48) ~[authlib-3.3.39.jar:?]
	at com.mojang.authlib.yggdrasil.YggdrasilUserApiService.fetchProperties(YggdrasilUserApiService.java:113) ~[authlib-3.3.39.jar:?]
	... 9 more
[18:21:22] [Render thread/INFO] (Minecraft) Setting user: Player350
[18:21:22] [Render thread/INFO] (fabric-transportation) Registering Items for fabric-transportation
[18:21:22] [Render thread/INFO] (fabric-transportation) Registering ModBlocks for fabric-transportation
[18:21:23] [Render thread/INFO] (REI) [REI] Config loaded.
[18:21:24] [Render thread/INFO] (REI) [REI] Registered plugin provider DefaultPlugin [roughlyenoughitems] for REIPlugin
[18:21:24] [Render thread/INFO] (REI) [REI] Registered plugin provider DefaultRuntimePlugin [roughlyenoughitems] for REIPlugin
[18:21:24] [Render thread/INFO] (REI) [REI] Registered plugin provider DefaultClientPlugin [roughlyenoughitems] for REIPlugin
[18:21:24] [Render thread/INFO] (REI) [REI] Registered plugin provider DefaultClientRuntimePlugin [roughlyenoughitems] for REIPlugin
[18:21:24] [Render thread/INFO] (REI) [REI] Registered plugin provider DefaultPlugin [roughlyenoughitems] for REIServerPlugin
[18:21:24] [Render thread/INFO] (REI) [REI] Registered plugin provider DefaultRuntimePlugin [roughlyenoughitems] for REIServerPlugin
[18:21:24] [Render thread/INFO] (REI) [REI] Registered plugin provider FabricFluidAPISupportPlugin for REIServerPlugin
[18:21:24] [Render thread/INFO] (REI) [REI] Registered plugin provider FabricFluidAPISupportPlugin for REIPlugin
[18:21:24] [Render thread/INFO] (REI) [REI] Registered plugin provider DefaultClientPlugin [roughlyenoughitems] for REIClientPlugin
[18:21:24] [Render thread/INFO] (REI) [REI] Registered plugin provider DefaultClientRuntimePlugin [roughlyenoughitems] for REIClientPlugin
[18:21:24] [Render thread/INFO] (Indigo) [Indigo] Registering Indigo renderer!
[18:21:25] [Render thread/INFO] (Minecraft) Backend library: LWJGL version 3.2.2 build 10
[18:21:33] [Render thread/INFO] (Minecraft) Narrator library for x64 successfully loaded
[18:21:33] [Render thread/INFO] (Minecraft) Reloading ResourceManager: Default, Fabric Mods (Fabric Object Builder API (v1), Fabric Transportation Mod, Fabric Networking (v0), Fabric Transitive Access Wideners (v1), Fabric BlockRenderLayer Registration (v1), Fabric Resource Loader (v0), Fabric Rendering Data Attachment (v1), Fabric Game Test API (v1), Fabric Commands (v0), Fabric Entity Events (v1), Fabric Events Interaction (v0), Fabric Key Bindings (v0), Fabric API, Fabric Screen Handler API (v1), Fabric Particles (v1), Fabric Transfer API (v1), Fabric Item Groups (v0), Fabric Convention Tags, Cloth Config v6, Fabric Key Binding API (v1), Fabric Content Registries (v0), Fabric Registry Sync (v0), Fabric Item API (v1), Fabric Events Lifecycle (v0), Fabric Game Rule API (v1), Fabric Mining Level API (v1), Roughly Enough Items, Fabric Rendering (v1), Fabric Loader, Fabric Renderer Registries (v1), Fabric Data Generation API (v1), Fabric Models (v0), Fabric Crash Report Info (v1), Fabric Rendering Fluids (v1), Fabric Resource Conditions API (v1), Fabric Renderer - Indigo, Fabric Command API (v1), Fabric Renderer API (v1), Fabric Biome API (v1), Fabric Dimensions API (v1), Fabric Networking API (v1), Mod Menu, Fabric Loot Tables (v1), Fabric Containers (v0), Fabric Rendering (v0), Fabric API Base, Fabric Lifecycle Events (v1), Fabric Screen API (v1), Fabric Textures (v0), Fabric API Lookup API (v1))
[18:21:34] [Render thread/INFO] (fabric-transportation) Fabric Transportation Loaded!
[18:21:34] [Realms Notification Availability checker #1/INFO] (Minecraft) Could not authorize you against Realms server: Invalid session id
[18:21:34] [Worker-Main-16/WARN] (Minecraft) Exception loading blockstate definition: fabric-transportation:blockstates/block_of_cars.json: java.io.FileNotFoundException: fabric-transportation:blockstates/block_of_cars.json
[18:21:34] [Worker-Main-16/WARN] (Minecraft) Exception loading blockstate definition: 'fabric-transportation:blockstates/block_of_cars.json' missing model for variant: 'fabric-transportation:block_of_cars#'
[18:21:34] [Worker-Main-16/WARN] (Minecraft) Unable to load model: 'fabric-transportation:block_of_cars#inventory' referenced from: fabric-transportation:block_of_cars#inventory: java.io.FileNotFoundException: fabric-transportation:models/item/block_of_cars.json
[18:21:34] [Worker-Main-16/WARN] (Minecraft) Texture fabric-transportation:item/basic_car with size 2400x1084 limits mip level from 4 to 2
[18:21:34] [Worker-Main-16/WARN] (Minecraft) minecraft:textures/atlas/blocks.png: dropping miplevel from 4 to 2, because of minimum power of two: 4
[18:21:35] [Render thread/INFO] (Minecraft) OpenAL initialized on device OpenAL Soft on SAMSUNG (NVIDIA High Definition Audio)
[18:21:35] [Render thread/INFO] (Minecraft) Sound engine started
[18:21:35] [Render thread/INFO] (Minecraft) Created: 4096x2048x2 minecraft:textures/atlas/blocks.png-atlas
[18:21:35] [Render thread/INFO] (Minecraft) Created: 256x128x4 minecraft:textures/atlas/signs.png-atlas
[18:21:35] [Render thread/INFO] (Minecraft) Created: 1024x512x4 minecraft:textures/atlas/banner_patterns.png-atlas
[18:21:35] [Render thread/INFO] (Minecraft) Created: 1024x512x4 minecraft:textures/atlas/shield_patterns.png-atlas
[18:21:35] [Render thread/INFO] (Minecraft) Created: 256x256x4 minecraft:textures/atlas/chest.png-atlas
[18:21:35] [Render thread/INFO] (Minecraft) Created: 512x256x4 minecraft:textures/atlas/beds.png-atlas
[18:21:35] [Render thread/INFO] (Minecraft) Created: 512x256x4 minecraft:textures/atlas/shulker_boxes.png-atlas
[18:21:37] [Render thread/INFO] (Minecraft) Created: 256x256x0 minecraft:textures/atlas/particles.png-atlas
[18:21:37] [Render thread/INFO] (Minecraft) Created: 256x256x0 minecraft:textures/atlas/paintings.png-atlas
[18:21:37] [Render thread/INFO] (Minecraft) Created: 256x128x0 minecraft:textures/atlas/mob_effects.png-atlas
[18:21:37] [Render thread/INFO] (fabric-transportation) Fabric Transportation Loaded!
[18:21:43] [Render thread/ERROR] (Mod Menu | FabricIconHandler) Invalid mod icon for icon source fabric-transportation: assets/modid/icon.png
java.nio.file.NoSuchFileException: E:\PersonalProjects\Fabric-Transportation\bin\main\assets\modid\icon.png
	at sun.nio.fs.WindowsException.translateToIOException(Unknown Source) ~[?:?]
	at sun.nio.fs.WindowsException.rethrowAsIOException(Unknown Source) ~[?:?]
	at sun.nio.fs.WindowsException.rethrowAsIOException(Unknown Source) ~[?:?]
	at sun.nio.fs.WindowsFileSystemProvider.newByteChannel(Unknown Source) ~[?:?]
	at java.nio.file.Files.newByteChannel(Unknown Source) ~[?:?]
	at java.nio.file.Files.newByteChannel(Unknown Source) ~[?:?]
	at java.nio.file.spi.FileSystemProvider.newInputStream(Unknown Source) ~[?:?]
	at java.nio.file.Files.newInputStream(Unknown Source) ~[?:?]
	at com.terraformersmc.modmenu.util.mod.fabric.FabricIconHandler.createIcon(FabricIconHandler.java:34) [modmenu-3.2.3-64b5720b4b825f21.jar:?]
	at com.terraformersmc.modmenu.util.mod.fabric.FabricMod.getIcon(FabricMod.java:140) [modmenu-3.2.3-64b5720b4b825f21.jar:?]
	at com.terraformersmc.modmenu.gui.widget.entries.ModListEntry.bindIconTexture(ModListEntry.java:97) [modmenu-3.2.3-64b5720b4b825f21.jar:?]
	at com.terraformersmc.modmenu.gui.widget.entries.ModListEntry.render(ModListEntry.java:53) [modmenu-3.2.3-64b5720b4b825f21.jar:?]
	at com.terraformersmc.modmenu.gui.widget.ModListWidget.renderList(ModListWidget.java:227) [modmenu-3.2.3-64b5720b4b825f21.jar:?]
	at net.minecraft.client.gui.widget.EntryListWidget.render(EntryListWidget.java:219) [minecraft-project-@-merged-named.jar:?]
	at com.terraformersmc.modmenu.gui.ModsScreen.render(ModsScreen.java:280) [modmenu-3.2.3-64b5720b4b825f21.jar:?]
	at net.minecraft.client.render.GameRenderer.render(GameRenderer.java:877) [minecraft-project-@-merged-named.jar:?]
	at net.minecraft.client.MinecraftClient.render(MinecraftClient.java:1122) [minecraft-project-@-merged-named.jar:?]
	at net.minecraft.client.MinecraftClient.run(MinecraftClient.java:737) [minecraft-project-@-merged-named.jar:?]
	at net.minecraft.client.main.Main.main(Main.java:236) [minecraft-project-@-merged-named.jar:?]
	at net.fabricmc.loader.impl.game.minecraft.MinecraftGameProvider.launch(MinecraftGameProvider.java:460) [fabric-loader-0.14.6.jar:?]
	at net.fabricmc.loader.impl.launch.knot.Knot.launch(Knot.java:74) [fabric-loader-0.14.6.jar:?]
	at net.fabricmc.loader.impl.launch.knot.KnotClient.main(KnotClient.java:23) [fabric-loader-0.14.6.jar:?]
	at net.fabricmc.devlaunchinjector.Main.main(Main.java:86) [dev-launch-injector-0.2.1+build.8.jar:?]
[18:21:43] [Render thread/WARN] (Mod Menu | FabricMod) Warning! Mod fabric-transportation has a broken icon, loading default icon
[18:21:45] [Render thread/INFO] (fabric-transportation) Fabric Transportation Loaded!
[18:21:49] [Render thread/WARN] (Minecraft) Ambiguity between arguments [teleport, location] and [teleport, destination] with inputs: [0.1 -0.5 .9, 0 0 0]
[18:21:49] [Render thread/WARN] (Minecraft) Ambiguity between arguments [teleport, location] and [teleport, targets] with inputs: [0.1 -0.5 .9, 0 0 0]
[18:21:49] [Render thread/WARN] (Minecraft) Ambiguity between arguments [teleport, destination] and [teleport, targets] with inputs: [Player, 0123, @e, dd12be42-52a9-4a91-a8a1-11c01849e498]
[18:21:49] [Render thread/WARN] (Minecraft) Ambiguity between arguments [teleport, targets] and [teleport, destination] with inputs: [Player, 0123, dd12be42-52a9-4a91-a8a1-11c01849e498]
[18:21:49] [Render thread/WARN] (Minecraft) Ambiguity between arguments [teleport, targets, location] and [teleport, targets, destination] with inputs: [0.1 -0.5 .9, 0 0 0]
[18:21:49] [Worker-Main-21/INFO] (REI) [REI] Processed 2 tags in 9.478 ms for minecraft:game_event
[18:21:49] [Worker-Main-26/INFO] (REI) [REI] Processed 5 tags in 9.302 ms for minecraft:enchantment
[18:21:49] [Worker-Main-28/INFO] (REI) [REI] Processed 4 tags in 9.395 ms for minecraft:fluid
[18:21:49] [Worker-Main-19/INFO] (REI) [REI] Processed 13 tags in 9.071 ms for minecraft:entity_type
[18:21:49] [Worker-Main-29/INFO] (REI) [REI] Processed 140 tags in 4.112 ms for minecraft:block
[18:21:49] [Worker-Main-22/INFO] (REI) [REI] Processed 0 tags in 30.80 μs for minecraft:worldgen/configured_structure_feature
[18:21:49] [Worker-Main-30/INFO] (REI) [REI] Processed 0 tags in 26.90 μs for minecraft:worldgen/biome
[18:21:49] [Worker-Main-23/INFO] (REI) [REI] Processed 123 tags in 539.4 μs for minecraft:item
[18:21:49] [Render thread/INFO] (Minecraft) Loaded 7 recipes
[18:21:50] [Render thread/INFO] (Minecraft) Loaded 1141 advancements
[18:21:51] [Render thread/INFO] (Minecraft) Environment: authHost='https://authserver.mojang.com', accountsHost='https://api.mojang.com', sessionHost='https://sessionserver.mojang.com', servicesHost='https://api.minecraftservices.com', name='PROD'
[18:21:51] [Render thread/INFO] (BiomeModificationImpl) Applied 0 biome modifications to 0 of 61 new biomes in 14.31 ms
[18:21:51] [Server thread/INFO] (Minecraft) Starting integrated minecraft server version 1.18.2
[18:21:51] [Server thread/INFO] (Minecraft) Generating keypair
[18:21:52] [Server thread/INFO] (Minecraft) Preparing start region for dimension minecraft:overworld
[18:21:54] [Render thread/INFO] (Minecraft) Preparing spawn area: 0%
[18:21:54] [Render thread/INFO] (Minecraft) Preparing spawn area: 0%
[18:21:54] [Render thread/INFO] (Minecraft) Preparing spawn area: 0%
[18:21:54] [Render thread/INFO] (Minecraft) Preparing spawn area: 0%
[18:21:54] [Render thread/INFO] (Minecraft) Preparing spawn area: 0%
[18:21:55] [Render thread/INFO] (Minecraft) Preparing spawn area: 0%
[18:21:55] [Render thread/INFO] (Minecraft) Preparing spawn area: 0%
[18:21:56] [Render thread/INFO] (Minecraft) Preparing spawn area: 0%
[18:21:56] [Render thread/INFO] (Minecraft) Preparing spawn area: 21%
[18:21:57] [Render thread/INFO] (Minecraft) Time elapsed: 5090 ms
[18:21:58] [Server thread/INFO] (Minecraft) Changing view distance to 12, from 10
[18:21:58] [Server thread/INFO] (Minecraft) Changing simulation distance to 12, from 0
[18:22:01] [Server thread/INFO] (Minecraft) Player350[local:E:004cd428] logged in with entity id 205 at (17.178478519782093, 100.162141421027, 5.182463489005372)
[18:22:01] [Server thread/INFO] (Minecraft) Player350 joined the game
[18:22:01] [REI-ReloadPlugins/INFO] (REI) [REI] Reloading Plugin Manager [REIPlugin] stage [START], registered 5 plugins: DefaultRuntimePlugin [roughlyenoughitems], DefaultClientRuntimePlugin [roughlyenoughitems], FabricFluidAPISupportPlugin, DefaultPlugin [roughlyenoughitems], DefaultClientPlugin [roughlyenoughitems]
[18:22:01] [REI-ReloadPlugins/INFO] (REI) [REI] Reloading Plugin Manager [REIClientPlugin] stage [START], registered 2 plugins: DefaultClientRuntimePlugin [roughlyenoughitems], DefaultClientPlugin [roughlyenoughitems]
[18:22:01] [Render thread/WARN] (REI) [REI] Suppressing Reload Plugins of stage START
[18:22:02] [REI-ReloadPlugins/INFO] (REI) [REI] Reloading Plugin Manager [REIServerPlugin] stage [START], registered 3 plugins: DefaultRuntimePlugin [roughlyenoughitems], FabricFluidAPISupportPlugin, DefaultPlugin [roughlyenoughitems]
[18:22:02] [REI-ReloadPlugins/INFO] (REI) [REI] Reloaded Plugin Manager [REIPlugin] with 2 entry types, 5 item comparators, 0 fluid comparators and 2 fluid support providers in 378ms.
[18:22:02] [REI-ReloadPlugins/INFO] (REI) [REI] Reloaded Plugin Manager [REIClientPlugin] with 1373 entries, 0 displays, 0 display visibility predicates, 0 categories (), 4 exclusion zones and 3 overlay deciders in 424ms.
[18:22:02] [REI-ReloadPlugins/INFO] (REI) [REI] Reloaded Plugin Manager [REIServerPlugin] with 0 menu infos in 3ms.
[18:22:02] [REI-ReloadPlugins/INFO] (REI) [REI] Reloading Plugin Manager [REIPlugin] stage [END], registered 5 plugins: DefaultRuntimePlugin [roughlyenoughitems], DefaultClientRuntimePlugin [roughlyenoughitems], FabricFluidAPISupportPlugin, DefaultPlugin [roughlyenoughitems], DefaultClientPlugin [roughlyenoughitems]
[18:22:02] [Render thread/INFO] (Minecraft) Loaded 0 advancements
[18:22:02] [REI-ReloadPlugins/INFO] (REI) [REI] Reloading Plugin Manager [REIClientPlugin] stage [END], registered 2 plugins: DefaultClientRuntimePlugin [roughlyenoughitems], DefaultClientPlugin [roughlyenoughitems]
[18:22:03] [REI-ReloadPlugins/INFO] (REI) [REI] Reloading Plugin Manager [REIServerPlugin] stage [END], registered 3 plugins: DefaultRuntimePlugin [roughlyenoughitems], FabricFluidAPISupportPlugin, DefaultPlugin [roughlyenoughitems]
[18:22:03] [REI-ReloadPlugins/INFO] (REI) [REI] Reloaded Plugin Manager [REIPlugin] with 2 entry types, 5 item comparators, 0 fluid comparators and 2 fluid support providers in 201ms.
[18:22:03] [REI-ReloadPlugins/INFO] (REI) [REI] Reloaded Plugin Manager [REIClientPlugin] with 1373 entries, 1865 displays, 1 display visibility predicates, 22 categories (Crafting, Smelting, Smoking, Blasting, Campfire, Stone Cutting, Fuel, Brewing, Composting, Stripping, Smithing, Anvil, Beacon Base, Beacon Payment, Tilling, Pathing, Waxing, Wax Scraping, Oxidizing, Oxidation Scraping, Information, Tag), 4 exclusion zones and 3 overlay deciders in 799ms.
[18:22:03] [REI-ReloadPlugins/INFO] (REI) [REI] Reloaded Plugin Manager [REIServerPlugin] with 4 menu infos in 60ms.
[18:22:23] [Server thread/INFO] (Minecraft) Saving and pausing game...
[18:22:23] [Server thread/INFO] (Minecraft) Saving chunks for level 'ServerLevel[New World]'/minecraft:overworld
[18:22:23] [Server thread/INFO] (Minecraft) Saving chunks for level 'ServerLevel[New World]'/minecraft:the_end
[18:22:23] [Server thread/INFO] (Minecraft) Saving chunks for level 'ServerLevel[New World]'/minecraft:the_nether
[18:22:23] [Server thread/INFO] (Minecraft) Player350 lost connection: Disconnected
[18:22:23] [Server thread/INFO] (Minecraft) Player350 left the game
[18:22:23] [Server thread/INFO] (Minecraft) Stopping singleplayer server as player logged out
[18:22:23] [Server thread/INFO] (Minecraft) Stopping server
[18:22:23] [Server thread/INFO] (Minecraft) Saving players
[18:22:23] [Server thread/INFO] (Minecraft) Saving worlds
[18:22:24] [Server thread/INFO] (Minecraft) Saving chunks for level 'ServerLevel[New World]'/minecraft:overworld
[18:22:25] [Server thread/INFO] (Minecraft) Saving chunks for level 'ServerLevel[New World]'/minecraft:the_end
[18:22:25] [Server thread/INFO] (Minecraft) Saving chunks for level 'ServerLevel[New World]'/minecraft:the_nether
[18:22:25] [Server thread/INFO] (Minecraft) ThreadedAnvilChunkStorage (New World): All chunks are saved
[18:22:25] [Server thread/INFO] (Minecraft) ThreadedAnvilChunkStorage (DIM1): All chunks are saved
[18:22:25] [Server thread/INFO] (Minecraft) ThreadedAnvilChunkStorage (DIM-1): All chunks are saved
[18:22:25] [Server thread/INFO] (Minecraft) ThreadedAnvilChunkStorage: All dimensions are saved
[18:22:25] [Render thread/INFO] (fabric-transportation) Fabric Transportation Loaded!
[18:22:28] [Render thread/INFO] (Minecraft) Stopping!
